{"level":"error","message":"[500] NotFoundError is not defined","timestamp":"2024-11-13T02:42:55.141Z"}
[31merror[39m:   GET /
[31merror[39m:   GET /api/events
[31merror[39m:   GET /
[31merror[39m:   GET /
[31merror[39m:   GET /api/events
[31merror[39m:   GET /
[31merror[39m:   GET /api/events
[31merror[39m:   GET /
[31merror[39m:   GET /api/events
[31merror[39m:   GET /
[31merror[39m:   GET /api/events
[31merror[39m:   GET /
[31merror[39m:   GET /api/events
[31merror[39m:   GET /
[31merror[39m:   GET /api/events
[31merror[39m:   GET /api/events
[31merror[39m:   GET /api/events
[31merror[39m:   GET /api/events
[31merror[39m:   GET /api/events
[31merror[39m:   GET /api/events
[31merror[39m:   GET /api/events
[31merror[39m:   GET /api/events
[31merror[39m:   GET /api/events
[31merror[39m:   GET /api/events
[31merror[39m:   GET /api/events
[31merror[39m:   GET /api/events
[31merror[39m:   GET /api/events
[31merror[39m:   GET /api/events
[31merror[39m:   GET /api/events
[31merror[39m:   GET /api/events
[31merror[39m:   GET /api/events
[31merror[39m:   GET /api/events
[31merror[39m:   GET /api/events
[31merror[39m:   GET /api/events
[31merror[39m:   GET /api/events
[31merror[39m:   GET /api/events
[31merror[39m:   GET /api/events
[31merror[39m:   GET /api/events
[31merror[39m:   GET /api/events
[31merror[39m:   GET /api/events
[31merror[39m:   GET /favicon.ico
[31merror[39m:   [404] Resource not found    file:///E:/git/Asymmetric-website-backend/errors/errorHandler.js
[31merror[39m:   GET /api/events
[31merror[39m:   GET /api/events
[31merror[39m:   GET /api/events
[31merror[39m:   GET /api/events
[31merror[39m:   GET /api/events
[31merror[39m:   GET /api/events
[31merror[39m:   GET /api/events
[31merror[39m:   GET /api/events
[31merror[39m:   GET /api/events
[31merror[39m:   GET /
[31merror[39m:   GET /api/events
[31merror[39m:   GET /api/events
[31merror[39m:   GET /api/events
[31merror[39m:   GET /api/events
[31merror[39m:   GET /
[31merror[39m:   GET /api/events
[31merror[39m:   GET /i/f/y/o/u/t/r/y/t/o/g/e/t/t/h/e/s/e/i/m/a/g/e/s/y/o/u/a/r/e/g/a/y/7jbrupaxjqtbx4ahdv1v
[31merror[39m:   GET /i/f/y/o/u/t/r/y/t/o/g/e/t/t/h/e/s/e/i/m/a/g/e/s/y/o/u/a/r/e/g/a/y/8ujglbf629hq7tyl4mn5
[31merror[39m:   GET /i/f/y/o/u/t/r/y/t/o/g/e/t/t/h/e/s/e/i/m/a/g/e/s/y/o/u/a/r/e/g/a/y/q961qsp4tvlvxoozdzes
[31merror[39m:   GET /
[31merror[39m:   GET /api/events
[31merror[39m:   GET /i/f/y/o/u/t/r/y/t/o/g/e/t/t/h/e/s/e/i/m/a/g/e/s/y/o/u/a/r/e/g/a/y/7jbrupaxjqtbx4ahdv1v
[31merror[39m:   GET /i/f/y/o/u/t/r/y/t/o/g/e/t/t/h/e/s/e/i/m/a/g/e/s/y/o/u/a/r/e/g/a/y/8ujglbf629hq7tyl4mn5
[31merror[39m:   GET /i/f/y/o/u/t/r/y/t/o/g/e/t/t/h/e/s/e/i/m/a/g/e/s/y/o/u/a/r/e/g/a/y/q961qsp4tvlvxoozdzes
[31merror[39m:   GET /
[31merror[39m:   GET /api/events
[31merror[39m:   GET /i/f/y/o/u/t/r/y/t/o/g/e/t/t/h/e/s/e/i/m/a/g/e/s/y/o/u/a/r/e/g/a/y/7jbrupaxjqtbx4ahdv1v
[31merror[39m:   GET /i/f/y/o/u/t/r/y/t/o/g/e/t/t/h/e/s/e/i/m/a/g/e/s/y/o/u/a/r/e/g/a/y/8ujglbf629hq7tyl4mn5
[31merror[39m:   GET /i/f/y/o/u/t/r/y/t/o/g/e/t/t/h/e/s/e/i/m/a/g/e/s/y/o/u/a/r/e/g/a/y/q961qsp4tvlvxoozdzes
[31merror[39m:   GET /api/events
[31merror[39m:   GET /favicon.ico
[31merror[39m:   [404] Resource not found
[31merror[39m:   GET /
[31merror[39m:   GET /api/events
[31merror[39m:   GET /i/f/y/o/u/t/r/y/t/o/g/e/t/t/h/e/s/e/i/m/a/g/e/s/y/o/u/a/r/e/g/a/y/7jbrupaxjqtbx4ahdv1v
[31merror[39m:   GET /i/f/y/o/u/t/r/y/t/o/g/e/t/t/h/e/s/e/i/m/a/g/e/s/y/o/u/a/r/e/g/a/y/8ujglbf629hq7tyl4mn5
[31merror[39m:   GET /i/f/y/o/u/t/r/y/t/o/g/e/t/t/h/e/s/e/i/m/a/g/e/s/y/o/u/a/r/e/g/a/y/q961qsp4tvlvxoozdzes
[31merror[39m:   GET /
[31merror[39m:   GET /api/events
[31merror[39m:   GET /i/f/y/o/u/t/r/y/t/o/g/e/t/t/h/e/s/e/i/m/a/g/e/s/y/o/u/a/r/e/g/a/y/7jbrupaxjqtbx4ahdv1v
[31merror[39m:   GET /i/f/y/o/u/t/r/y/t/o/g/e/t/t/h/e/s/e/i/m/a/g/e/s/y/o/u/a/r/e/g/a/y/8ujglbf629hq7tyl4mn5
[31merror[39m:   GET /i/f/y/o/u/t/r/y/t/o/g/e/t/t/h/e/s/e/i/m/a/g/e/s/y/o/u/a/r/e/g/a/y/q961qsp4tvlvxoozdzes
[31merror[39m:   GET /
[31merror[39m:   GET /api/events
[31merror[39m:   GET /api/events
[31merror[39m:   GET /api/events
[31merror[39m:   GET /api/events
[31merror[39m:   GET /api/events
[31merror[39m:   GET /api/events
[31merror[39m:   GET /i/f/y/o/u/t/r/y/t/o/g/e/t/t/h/e/s/e/i/m/a/g/e/s/y/o/u/a/r/e/g/a/y/ou3bg4zjd0aj8q80q1h7
[31merror[39m:   GET /i/f/y/o/u/t/r/y/t/o/g/e/t/t/h/e/s/e/i/m/a/g/e/s/y/o/u/a/r/e/g/a/y/ou3bg4zjd0aj8q80q1h7
[31merror[39m:   GET /i/f/y/o/u/t/r/y/t/o/g/e/t/t/h/e/s/e/i/m/a/g/e/s/y/o/u/a/r/e/g/a/y/ou3bg4zjd0aj8q80q1h7
[31merror[39m:   GET /i/f/y/o/u/t/r/y/t/o/g/e/t/t/h/e/s/e/i/m/a/g/e/s/y/o/u/a/r/e/g/a/y/ou3bg4zjd0aj8q80q1h7
[31merror[39m:   GET /i/f/y/o/u/t/r/y/t/o/g/e/t/t/h/e/s/e/i/m/a/g/e/s/y/o/u/a/r/e/g/a/y/ou3bg4zjd0aj8q80q1h7
[31merror[39m:   GET /i/f/y/o/u/t/r/y/t/o/g/e/t/t/h/e/s/e/i/m/a/g/e/s/y/o/u/a/r/e/g/a/y/ou3bg4zjd0aj8q80q1h7
[31merror[39m:   GET /i/f/y/o/u/t/r/y/t/o/g/e/t/t/h/e/s/e/i/m/a/g/e/s/y/o/u/a/r/e/g/a/y/ou3bg4zjd0aj8q80q1h7
[31merror[39m:   GET /i/f/y/o/u/t/r/y/t/o/g/e/t/t/h/e/s/e/i/m/a/g/e/s/y/o/u/a/r/e/g/a/y/ou3bg4zjd0aj8q80q1h7
[31merror[39m:   GET /
[31merror[39m:   GET /api/events
[31merror[39m:   GET /i/f/y/o/u/t/r/y/t/o/g/e/t/t/h/e/s/e/i/m/a/g/e/s/y/o/u/a/r/e/g/a/y/3nhounca4qluobu3seb9
[31merror[39m:   [404] Resource not found
[31merror[39m:   GET /i/f/y/o/u/t/r/y/t/o/g/e/t/t/h/e/s/e/i/m/a/g/e/s/y/o/u/a/r/e/g/a/y/p4j6z2sv8kx2h5fbcug9
[31merror[39m:   [404] Resource not found
[31merror[39m:   GET /i/f/y/o/u/t/r/y/t/o/g/e/t/t/h/e/s/e/i/m/a/g/e/s/y/o/u/a/r/e/g/a/y/r79zrdu5y80snq9xys5g
[31merror[39m:   [404] Resource not found
[31merror[39m:   GET /i/f/y/o/u/t/r/y/t/o/g/e/t/t/h/e/s/e/i/m/a/g/e/s/y/o/u/a/r/e/g/a/y/r3dy07n9o9ixpfzqbftq
[31merror[39m:   [404] Resource not found
[31merror[39m:   GET /i/f/y/o/u/t/r/y/t/o/g/e/t/t/h/e/s/e/i/m/a/g/e/s/y/o/u/a/r/e/g/a/y/icig1cxdq0ucpuqkogs4
[31merror[39m:   [404] Resource not found
[31merror[39m:   GET /i/f/y/o/u/t/r/y/t/o/g/e/t/t/h/e/s/e/i/m/a/g/e/s/y/o/u/a/r/e/g/a/y/93twpnezohpgcafcb6xa
[31merror[39m:   [404] Resource not found
[31merror[39m:   GET /
[31merror[39m:   GET /api/events
[31merror[39m:   GET /photos/3nhounca4qluobu3seb9
[31merror[39m:   GET /photos/p4j6z2sv8kx2h5fbcug9
[31merror[39m:   GET /photos/r3dy07n9o9ixpfzqbftq
[31merror[39m:   GET /photos/icig1cxdq0ucpuqkogs4
[31merror[39m:   GET /photos/93twpnezohpgcafcb6xa
[31merror[39m:   GET /photos/r79zrdu5y80snq9xys5g
[31merror[39m:   GET /
[31merror[39m:   GET /api/events
[31merror[39m:   GET /photos/3nhounca4qluobu3seb9
[31merror[39m:   GET /photos/p4j6z2sv8kx2h5fbcug9
[31merror[39m:   GET /photos/r79zrdu5y80snq9xys5g
[31merror[39m:   GET /photos/r3dy07n9o9ixpfzqbftq
[31merror[39m:   GET /photos/icig1cxdq0ucpuqkogs4
[31merror[39m:   GET /photos/93twpnezohpgcafcb6xa
[31merror[39m:   GET /
[31merror[39m:   GET /api/events
[31merror[39m:   GET /photos/r79zrdu5y80snq9xys5g
[31merror[39m:   GET /photos/icig1cxdq0ucpuqkogs4
[31merror[39m:   GET /photos/3nhounca4qluobu3seb9
[31merror[39m:   GET /photos/p4j6z2sv8kx2h5fbcug9
[31merror[39m:   GET /photos/r3dy07n9o9ixpfzqbftq
[31merror[39m:   GET /photos/93twpnezohpgcafcb6xa
[31merror[39m:   GET /
[31merror[39m:   GET /api/events
[31merror[39m:   GET /photos/r79zrdu5y80snq9xys5g
[31merror[39m:   GET /photos/icig1cxdq0ucpuqkogs4
[31merror[39m:   GET /photos/3nhounca4qluobu3seb9
[31merror[39m:   GET /photos/p4j6z2sv8kx2h5fbcug9
[31merror[39m:   GET /photos/r3dy07n9o9ixpfzqbftq
[31merror[39m:   GET /photos/93twpnezohpgcafcb6xa
[31merror[39m:   GET /
[31merror[39m:   GET /api/events
[31merror[39m:   GET /photos/r79zrdu5y80snq9xys5g
[31merror[39m:   GET /photos/icig1cxdq0ucpuqkogs4
[31merror[39m:   GET /photos/3nhounca4qluobu3seb9
[31merror[39m:   GET /photos/p4j6z2sv8kx2h5fbcug9
[31merror[39m:   GET /photos/r3dy07n9o9ixpfzqbftq
[31merror[39m:   GET /photos/93twpnezohpgcafcb6xa
[31merror[39m:   GET /
[31merror[39m:   GET /api/events
[31merror[39m:   GET /photos/r79zrdu5y80snq9xys5g
[31merror[39m:   GET /photos/icig1cxdq0ucpuqkogs4
[31merror[39m:   GET /photos/3nhounca4qluobu3seb9
[31merror[39m:   GET /photos/p4j6z2sv8kx2h5fbcug9
[31merror[39m:   GET /photos/r3dy07n9o9ixpfzqbftq
[31merror[39m:   GET /photos/93twpnezohpgcafcb6xa
[31merror[39m:   GET /
[31merror[39m:   GET /api/events
[31merror[39m:   GET /photos/r79zrdu5y80snq9xys5g
[31merror[39m:   GET /photos/icig1cxdq0ucpuqkogs4
[31merror[39m:   GET /photos/3nhounca4qluobu3seb9
[31merror[39m:   GET /photos/p4j6z2sv8kx2h5fbcug9
[31merror[39m:   GET /photos/r3dy07n9o9ixpfzqbftq
[31merror[39m:   GET /photos/93twpnezohpgcafcb6xa
[31merror[39m:   GET /
[31merror[39m:   GET /api/events
[31merror[39m:   GET /photos/r79zrdu5y80snq9xys5g
[31merror[39m:   GET /photos/icig1cxdq0ucpuqkogs4
[31merror[39m:   GET /photos/3nhounca4qluobu3seb9
[31merror[39m:   GET /photos/p4j6z2sv8kx2h5fbcug9
[31merror[39m:   GET /photos/r3dy07n9o9ixpfzqbftq
[31merror[39m:   GET /photos/93twpnezohpgcafcb6xa
[31merror[39m:   GET /
[31merror[39m:   GET /api/events
[31merror[39m:   GET /photos/r79zrdu5y80snq9xys5g
[31merror[39m:   GET /photos/icig1cxdq0ucpuqkogs4
[31merror[39m:   GET /photos/3nhounca4qluobu3seb9
[31merror[39m:   GET /photos/p4j6z2sv8kx2h5fbcug9
[31merror[39m:   GET /photos/r3dy07n9o9ixpfzqbftq
[31merror[39m:   GET /photos/93twpnezohpgcafcb6xa
[31merror[39m:   GET //photos/r79zrdu5y80snq9xys5g
[31merror[39m:   [404] Resource not found
[31merror[39m:   GET /photos/r79zrdu5y80snq9xys5g
[31merror[39m:   GET /photos/zm7yfc3mrd1vhie9gref
[31merror[39m:   GET /photos/zm7yfc3mrd1vhie9gref
[31merror[39m:   GET /
[31merror[39m:   GET /api/events
[31merror[39m:   GET /photos/zm7yfc3mrd1vhie9gref
[31merror[39m:   GET /photos/zm7yfc3mrd1vhie9gref
[31merror[39m:   GET /photos/zm7yfc3mrd1vhie9gref
[31merror[39m:   GET /photos/u87v1oakuv8szmi7cugl
[31merror[39m:   GET /photos/sxc6g67my50snxx58e8q
[31merror[39m:   GET /photos/u87v1oakuv8szmi7cugl
[31merror[39m:   GET /photos/u87v1oakuv8szmi7cugl
[31merror[39m:   GET /photos/sxc6g67my50snxx58e8q
[31merror[39m:   GET /photos/r79zrdu5y80snq9xys5g
[31merror[39m:   GET /photos/r79zrdu5y80snq9xys5g
[31merror[39m:   GET /photos/r79zrdu5y80snq9xys5g
[31merror[39m:   GET /photos/r79zrdu5y80snq9xys5g
[31merror[39m:   GET /
[31merror[39m:   GET /api/events
[31merror[39m:   GET /photos/r79zrdu5y80snq9xys5g
[31merror[39m:   GET /photos/r79zrdu5y80snq9xys5g
[31merror[39m:   GET /photos/r79zrdu5y80snq9xys5g
[31merror[39m:   GET /api/events
[31merror[39m:   GET /api/events
[31merror[39m:   GET /api/events/059w5w7o0nkv6d2tq9k7
[31merror[39m:   GET /api/events
[31merror[39m:   GET /photos/059w5w7o0nkv6d2tq9k7
[31merror[39m:   GET /photos/059w5w7o0nkv6d2tq9k7
[31merror[39m:   GET /photos/059w5w7o0nkv6d2tq9k7
[31merror[39m:   GET /
[31merror[39m:   GET /api/events
[31merror[39m:   GET /photos/059w5w7o0nkv6d2tq9k7
[31merror[39m:   GET /photos/059w5w7o0nkv6d2tq9k7
[31merror[39m:   GET /photos/059w5w7o0nkv6d2tq9k7
[31merror[39m:   GET /photos/dbym27fcc42jwu786ldw
[31merror[39m:   GET /photos/51umd51rmyc4eho755d1
[31merror[39m:   GET /photos/dbym27fcc42jwu786ldw
[31merror[39m:   GET /photos/51umd51rmyc4eho755d1
[31merror[39m:   GET /photos/51umd51rmyc4eho755d1
[31merror[39m:   GET /
[31merror[39m:   GET /api/events
[31merror[39m:   GET /photos/hk8zimndzvk5racwb7vf
[31merror[39m:   GET /photos/hk8zimndzvk5racwb7vf
[31merror[39m:   GET /photos/059w5w7o0nkv6d2tq9k7
[31merror[39m:   GET /photos/059w5w7o0nkv6d2tq9k7
[31merror[39m:   GET /photos/059w5w7o0nkv6d2tq9k7
[31merror[39m:   GET /photos/dbym27fcc42jwu786ldw
[31merror[39m:   GET /photos/dbym27fcc42jwu786ldw
[31merror[39m:   GET /photos/51umd51rmyc4eho755d1
[31merror[39m:   GET /photos/51umd51rmyc4eho755d1
[31merror[39m:   GET /photos/g8s86keq1hwxolvrviv0
[31merror[39m:   GET /photos/ljebpgwny1t7kgxlxk1l
[31merror[39m:   GET /photos/g8s86keq1hwxolvrviv0
[31merror[39m:   GET /photos/hk8zimndzvk5racwb7vf
[31merror[39m:   GET /photos/ljebpgwny1t7kgxlxk1l
[31merror[39m:   GET /photos/52euqfu5xjuzu86e2lqv
[31merror[39m:   GET /photos/52euqfu5xjuzu86e2lqv
[31merror[39m:   GET /photos/52euqfu5xjuzu86e2lqv
[31merror[39m:   GET /photos/51umd51rmyc4eho755d1
[31merror[39m:   GET /photos/c3ruz95b4rgedsudgxre
[31merror[39m:   GET /photos/g8s86keq1hwxolvrviv0
[31merror[39m:   GET /photos/c3ruz95b4rgedsudgxre
[31merror[39m:   GET /photos/anaota3snc459bjwm2r3
[31merror[39m:   GET /photos/anaota3snc459bjwm2r3
[31merror[39m:   GET /photos/anaota3snc459bjwm2r3
[31merror[39m:   GET /
[31merror[39m:   GET /api/events
[31merror[39m:   GET /i/f/y/o/u/g/e/t/t/h/e/s/e/i/m/a/g/e/s/y/o/u/a/r/e/g/a/y/hk8zimndzvk5racwb7vf
[31merror[39m:   GET /i/f/y/o/u/g/e/t/t/h/e/s/e/i/m/a/g/e/s/y/o/u/a/r/e/g/a/y/059w5w7o0nkv6d2tq9k7
[31merror[39m:   GET /photos/hk8zimndzvk5racwb7vf
[31merror[39m:   [404] Resource not found
[31merror[39m:   GET /i/f/y/o/u/g/e/t/t/h/e/s/e/i/m/a/g/e/s/y/o/u/a/r/e/g/a/y/059w5w7o0nkv6d2tq9k7
[31merror[39m:   GET /photos/059w5w7o0nkv6d2tq9k7
[31merror[39m:   [404] Resource not found
[31merror[39m:   GET /i/f/y/o/u/g/e/t/t/h/e/s/e/i/m/a/g/e/s/y/o/u/a/r/e/g/a/y/dbym27fcc42jwu786ldw
[31merror[39m:   GET /photos/059w5w7o0nkv6d2tq9k7
[31merror[39m:   [404] Resource not found
[31merror[39m:   GET /i/f/y/o/u/g/e/t/t/h/e/s/e/i/m/a/g/e/s/y/o/u/a/r/e/g/a/y/51umd51rmyc4eho755d1
[31merror[39m:   GET /photos/dbym27fcc42jwu786ldw
[31merror[39m:   [404] Resource not found
[31merror[39m:   GET /i/f/y/o/u/g/e/t/t/h/e/s/e/i/m/a/g/e/s/y/o/u/a/r/e/g/a/y/g8s86keq1hwxolvrviv0
[31merror[39m:   GET /photos/51umd51rmyc4eho755d1
[31merror[39m:   [404] Resource not found
[31merror[39m:   GET /i/f/y/o/u/g/e/t/t/h/e/s/e/i/m/a/g/e/s/y/o/u/a/r/e/g/a/y/ljebpgwny1t7kgxlxk1l
[31merror[39m:   GET /photos/g8s86keq1hwxolvrviv0
[31merror[39m:   [404] Resource not found
[31merror[39m:   GET /i/f/y/o/u/g/e/t/t/h/e/s/e/i/m/a/g/e/s/y/o/u/a/r/e/g/a/y/hk8zimndzvk5racwb7vf
[31merror[39m:   GET /photos/ljebpgwny1t7kgxlxk1l
[31merror[39m:   [404] Resource not found
[31merror[39m:   GET /i/f/y/o/u/g/e/t/t/h/e/s/e/i/m/a/g/e/s/y/o/u/a/r/e/g/a/y/52euqfu5xjuzu86e2lqv
[31merror[39m:   GET /photos/hk8zimndzvk5racwb7vf
[31merror[39m:   [404] Resource not found
[31merror[39m:   GET /i/f/y/o/u/g/e/t/t/h/e/s/e/i/m/a/g/e/s/y/o/u/a/r/e/g/a/y/52euqfu5xjuzu86e2lqv
[31merror[39m:   GET /photos/52euqfu5xjuzu86e2lqv
[31merror[39m:   [404] Resource not found
[31merror[39m:   GET /i/f/y/o/u/g/e/t/t/h/e/s/e/i/m/a/g/e/s/y/o/u/a/r/e/g/a/y/51umd51rmyc4eho755d1
[31merror[39m:   GET /photos/52euqfu5xjuzu86e2lqv
[31merror[39m:   [404] Resource not found
[31merror[39m:   GET /i/f/y/o/u/g/e/t/t/h/e/s/e/i/m/a/g/e/s/y/o/u/a/r/e/g/a/y/c3ruz95b4rgedsudgxre
[31merror[39m:   GET /photos/51umd51rmyc4eho755d1
[31merror[39m:   [404] Resource not found
[31merror[39m:   GET /i/f/y/o/u/g/e/t/t/h/e/s/e/i/m/a/g/e/s/y/o/u/a/r/e/g/a/y/g8s86keq1hwxolvrviv0
[31merror[39m:   GET /photos/c3ruz95b4rgedsudgxre
[31merror[39m:   [404] Resource not found
[31merror[39m:   GET /i/f/y/o/u/g/e/t/t/h/e/s/e/i/m/a/g/e/s/y/o/u/a/r/e/g/a/y/anaota3snc459bjwm2r3
[31merror[39m:   GET /photos/g8s86keq1hwxolvrviv0
[31merror[39m:   [404] Resource not found
[31merror[39m:   GET /i/f/y/o/u/g/e/t/t/h/e/s/e/i/m/a/g/e/s/y/o/u/a/r/e/g/a/y/anaota3snc459bjwm2r3
[31merror[39m:   GET /photos/anaota3snc459bjwm2r3
[31merror[39m:   [404] Resource not found
[31merror[39m:   GET /photos/anaota3snc459bjwm2r3
[31merror[39m:   [404] Resource not found
[31merror[39m:   GET /
[31merror[39m:   GET /api/events
[31merror[39m:   GET /i/f/y/o/u/g/e/t/t/h/e/s/e/i/m/a/g/e/s/y/o/u/a/r/e/g/a/y/hk8zimndzvk5racwb7vf
[31merror[39m:   GET /i/f/y/o/u/g/e/t/t/h/e/s/e/i/m/a/g/e/s/y/o/u/a/r/e/g/a/y/059w5w7o0nkv6d2tq9k7
[31merror[39m:   GET /i/f/y/o/u/g/e/t/t/h/e/s/e/i/m/a/g/e/s/y/o/u/a/r/e/g/a/y/dbym27fcc42jwu786ldw
[31merror[39m:   GET /i/f/y/o/u/g/e/t/t/h/e/s/e/i/m/a/g/e/s/y/o/u/a/r/e/g/a/y/51umd51rmyc4eho755d1
[31merror[39m:   GET /i/f/y/o/u/g/e/t/t/h/e/s/e/i/m/a/g/e/s/y/o/u/a/r/e/g/a/y/g8s86keq1hwxolvrviv0
[31merror[39m:   GET /i/f/y/o/u/g/e/t/t/h/e/s/e/i/m/a/g/e/s/y/o/u/a/r/e/g/a/y/ljebpgwny1t7kgxlxk1l
[31merror[39m:   GET /i/f/y/o/u/g/e/t/t/h/e/s/e/i/m/a/g/e/s/y/o/u/a/r/e/g/a/y/52euqfu5xjuzu86e2lqv
[31merror[39m:   GET /i/f/y/o/u/g/e/t/t/h/e/s/e/i/m/a/g/e/s/y/o/u/a/r/e/g/a/y/c3ruz95b4rgedsudgxre
[31merror[39m:   GET /i/f/y/o/u/g/e/t/t/h/e/s/e/i/m/a/g/e/s/y/o/u/a/r/e/g/a/y/anaota3snc459bjwm2r3
